2020-12-18 15:11:56,207 [INFO] Activator:170 - 


2020-12-18 15:11:56,210 [INFO] Activator:171 - !SESSION log4j initialized
2020-12-18 15:11:57,316 [ERROR] LogOutputStream:74 - [STDERR_REDIRECT] 
2020-12-18 15:14:00,602 [ERROR] ApiDbMcu:1471 - Can't use Application install path:
2020-12-18 15:14:00,605 [WARN] RulesReader:54 - Compatibility file://mcu/compatibility.xml not found
2020-12-18 15:15:33,954 [INFO] Activator:170 - 


2020-12-18 15:15:33,958 [INFO] Activator:171 - !SESSION log4j initialized
2020-12-18 15:15:35,469 [ERROR] LogOutputStream:74 - [STDERR_REDIRECT] 
2020-12-18 15:16:01,516 [INFO] McuFinderGlobals:40 - Set McuFinder mode to 2 (CubeIDE integrated)
2020-12-18 15:16:01,604 [INFO] ApplicationProperties:181 - Using Application install path: /Applications/STM32CubeIDE.app/Contents/Eclipse/plugins/com.st.stm32cube.common.mx_6.1.0.202011121557
2020-12-18 15:16:01,614 [INFO] DbMcusXml:71 - Set database path to: /Applications/STM32CubeIDE.app/Contents/Eclipse/plugins/com.st.stm32cube.common.mx_6.1.0.202011121557//db//mcu/
2020-12-18 15:16:01,617 [INFO] DbBoardsPdsc:57 - Set plugin database path to: /Applications/STM32CubeIDE.app/Contents/Eclipse/plugins/com.st.stm32cube.common.mx_6.1.0.202011121557//db//plugins/boardmanager/
2020-12-18 15:16:01,617 [INFO] DbMcus:259 - Set plugin images path to: /Applications/STM32CubeIDE.app/Contents/Eclipse/plugins/com.st.stm32cube.common.mx_6.1.0.202011121557//db//plugins/mcufinder/images/
2020-12-18 15:16:01,618 [INFO] DbBoards:265 - Set plugin images path to: /Applications/STM32CubeIDE.app/Contents/Eclipse/plugins/com.st.stm32cube.common.mx_6.1.0.202011121557//db//plugins/mcufinder/images/
2020-12-18 15:16:01,620 [INFO] DbExamples:329 - Set plugin images path to: /Applications/STM32CubeIDE.app/Contents/Eclipse/plugins/com.st.stm32cube.common.mx_6.1.0.202011121557//db//plugins/mcufinder/images/
2020-12-18 15:16:01,624 [INFO] DbMcusDocs:112 - Set database path to: /Users/andreykorchagin/.stmcufinder/plugins/mcufinder//mcu/
2020-12-18 15:16:01,626 [INFO] DbMcusJson:63 - Set database path to: /Users/andreykorchagin/.stmcufinder/plugins/mcufinder//mcu/
2020-12-18 15:16:01,627 [INFO] DbBoardsDocs:112 - Set database path to: /Users/andreykorchagin/.stmcufinder/plugins/mcufinder//mcu/
2020-12-18 15:16:01,628 [INFO] DbBoardsJson:56 - Set database path to: /Users/andreykorchagin/.stmcufinder/plugins/mcufinder//mcu/
2020-12-18 15:16:01,631 [INFO] CrossReferenceDbSqlite:196 - Set database path to: /Users/andreykorchagin/.stmcufinder/plugins/mcufinder//mcu/cs/
2020-12-18 15:16:01,634 [INFO] DbExamplesSqlite:699 - Set database path to: /Users/andreykorchagin/.stmcufinder/plugins/mcufinder//mcu/
2020-12-18 15:16:01,746 [INFO] RulesReader:52 - Compatibility file has been processed (228 Rules)
2020-12-18 15:16:01,822 [INFO] MicroXplorer:565 - Detected Java Version = 1.8.0_272
2020-12-18 15:16:01,823 [INFO] DbMcusXml:71 - Set database path to: /Applications/STM32CubeIDE.app/Contents/Eclipse/plugins/com.st.stm32cube.common.mx_6.1.0.202011121557//db//mcu/
2020-12-18 15:16:01,824 [INFO] DbBoardsPdsc:57 - Set plugin database path to: /Applications/STM32CubeIDE.app/Contents/Eclipse/plugins/com.st.stm32cube.common.mx_6.1.0.202011121557//db//plugins/boardmanager/
2020-12-18 15:16:01,824 [INFO] DbMcus:259 - Set plugin images path to: /Applications/STM32CubeIDE.app/Contents/Eclipse/plugins/com.st.stm32cube.common.mx_6.1.0.202011121557//db//plugins/mcufinder/images/
2020-12-18 15:16:01,824 [INFO] DbBoards:265 - Set plugin images path to: /Applications/STM32CubeIDE.app/Contents/Eclipse/plugins/com.st.stm32cube.common.mx_6.1.0.202011121557//db//plugins/mcufinder/images/
2020-12-18 15:16:01,824 [INFO] DbExamples:329 - Set plugin images path to: /Applications/STM32CubeIDE.app/Contents/Eclipse/plugins/com.st.stm32cube.common.mx_6.1.0.202011121557//db//plugins/mcufinder/images/
2020-12-18 15:16:01,825 [WARN] DbFile:36 - Overriding database path with different value: /Users/andreykorchagin/.stmcufinder/plugins/mcufinder/ => /Users/andreykorchagin/.stmcufinder/plugins/mcufinder
2020-12-18 15:16:01,825 [INFO] DbMcusDocs:112 - Set database path to: /Users/andreykorchagin/.stmcufinder/plugins/mcufinder//mcu/
2020-12-18 15:16:01,825 [WARN] DbFile:36 - Overriding database path with different value: /Users/andreykorchagin/.stmcufinder/plugins/mcufinder/ => /Users/andreykorchagin/.stmcufinder/plugins/mcufinder
2020-12-18 15:16:01,825 [INFO] DbMcusJson:63 - Set database path to: /Users/andreykorchagin/.stmcufinder/plugins/mcufinder//mcu/
2020-12-18 15:16:01,825 [WARN] DbFile:36 - Overriding database path with different value: /Users/andreykorchagin/.stmcufinder/plugins/mcufinder/ => /Users/andreykorchagin/.stmcufinder/plugins/mcufinder
2020-12-18 15:16:01,825 [INFO] DbBoardsDocs:112 - Set database path to: /Users/andreykorchagin/.stmcufinder/plugins/mcufinder//mcu/
2020-12-18 15:16:01,826 [WARN] DbFile:36 - Overriding database path with different value: /Users/andreykorchagin/.stmcufinder/plugins/mcufinder/ => /Users/andreykorchagin/.stmcufinder/plugins/mcufinder
2020-12-18 15:16:01,826 [INFO] DbBoardsJson:56 - Set database path to: /Users/andreykorchagin/.stmcufinder/plugins/mcufinder//mcu/
2020-12-18 15:16:01,826 [WARN] DbFile:36 - Overriding database path with different value: /Users/andreykorchagin/.stmcufinder/plugins/mcufinder/ => /Users/andreykorchagin/.stmcufinder/plugins/mcufinder
2020-12-18 15:16:01,826 [WARN] DbFile:36 - Overriding database path with different value: /Users/andreykorchagin/.stmcufinder/plugins/mcufinder/ => /Users/andreykorchagin/.stmcufinder/plugins/mcufinder
2020-12-18 15:16:01,826 [INFO] CrossReferenceDbSqlite:196 - Set database path to: /Users/andreykorchagin/.stmcufinder/plugins/mcufinder//mcu/cs/
2020-12-18 15:16:01,827 [WARN] DbFile:36 - Overriding database path with different value: /Users/andreykorchagin/.stmcufinder/plugins/mcufinder/ => /Users/andreykorchagin/.stmcufinder/plugins/mcufinder
2020-12-18 15:16:01,827 [INFO] DbExamplesSqlite:699 - Set database path to: /Users/andreykorchagin/.stmcufinder/plugins/mcufinder//mcu/
2020-12-18 15:16:01,883 [INFO] MainPanel:190 - HeapMemory: 338690048
2020-12-18 15:16:01,940 [INFO] DbMcusXml:71 - Set database path to: /Applications/STM32CubeIDE.app/Contents/Eclipse/plugins/com.st.stm32cube.common.mx_6.1.0.202011121557//db//mcu/
2020-12-18 15:16:01,940 [INFO] DbBoardsPdsc:57 - Set plugin database path to: /Applications/STM32CubeIDE.app/Contents/Eclipse/plugins/com.st.stm32cube.common.mx_6.1.0.202011121557//db//plugins/boardmanager/
2020-12-18 15:16:01,940 [INFO] DbMcus:259 - Set plugin images path to: /Applications/STM32CubeIDE.app/Contents/Eclipse/plugins/com.st.stm32cube.common.mx_6.1.0.202011121557//db//plugins/mcufinder/images/
2020-12-18 15:16:01,940 [INFO] DbBoards:265 - Set plugin images path to: /Applications/STM32CubeIDE.app/Contents/Eclipse/plugins/com.st.stm32cube.common.mx_6.1.0.202011121557//db//plugins/mcufinder/images/
2020-12-18 15:16:01,940 [INFO] DbExamples:329 - Set plugin images path to: /Applications/STM32CubeIDE.app/Contents/Eclipse/plugins/com.st.stm32cube.common.mx_6.1.0.202011121557//db//plugins/mcufinder/images/
2020-12-18 15:16:01,941 [WARN] DbFile:36 - Overriding database path with different value: /Users/andreykorchagin/.stmcufinder/plugins/mcufinder/ => /Users/andreykorchagin/.stmcufinder/plugins/mcufinder
2020-12-18 15:16:01,941 [INFO] DbMcusDocs:112 - Set database path to: /Users/andreykorchagin/.stmcufinder/plugins/mcufinder//mcu/
2020-12-18 15:16:01,941 [WARN] DbFile:36 - Overriding database path with different value: /Users/andreykorchagin/.stmcufinder/plugins/mcufinder/ => /Users/andreykorchagin/.stmcufinder/plugins/mcufinder
2020-12-18 15:16:01,941 [INFO] DbMcusJson:63 - Set database path to: /Users/andreykorchagin/.stmcufinder/plugins/mcufinder//mcu/
2020-12-18 15:16:01,941 [WARN] DbFile:36 - Overriding database path with different value: /Users/andreykorchagin/.stmcufinder/plugins/mcufinder/ => /Users/andreykorchagin/.stmcufinder/plugins/mcufinder
2020-12-18 15:16:01,941 [INFO] DbBoardsDocs:112 - Set database path to: /Users/andreykorchagin/.stmcufinder/plugins/mcufinder//mcu/
2020-12-18 15:16:01,942 [WARN] DbFile:36 - Overriding database path with different value: /Users/andreykorchagin/.stmcufinder/plugins/mcufinder/ => /Users/andreykorchagin/.stmcufinder/plugins/mcufinder
2020-12-18 15:16:01,942 [INFO] DbBoardsJson:56 - Set database path to: /Users/andreykorchagin/.stmcufinder/plugins/mcufinder//mcu/
2020-12-18 15:16:01,942 [WARN] DbFile:36 - Overriding database path with different value: /Users/andreykorchagin/.stmcufinder/plugins/mcufinder/ => /Users/andreykorchagin/.stmcufinder/plugins/mcufinder
2020-12-18 15:16:01,942 [WARN] DbFile:36 - Overriding database path with different value: /Users/andreykorchagin/.stmcufinder/plugins/mcufinder/ => /Users/andreykorchagin/.stmcufinder/plugins/mcufinder
2020-12-18 15:16:01,942 [INFO] CrossReferenceDbSqlite:196 - Set database path to: /Users/andreykorchagin/.stmcufinder/plugins/mcufinder//mcu/cs/
2020-12-18 15:16:01,942 [WARN] DbFile:36 - Overriding database path with different value: /Users/andreykorchagin/.stmcufinder/plugins/mcufinder/ => /Users/andreykorchagin/.stmcufinder/plugins/mcufinder
2020-12-18 15:16:01,943 [INFO] DbExamplesSqlite:699 - Set database path to: /Users/andreykorchagin/.stmcufinder/plugins/mcufinder//mcu/
2020-12-18 15:16:01,959 [INFO] ApplicationProperties:181 - Using Application install path: /Applications/STM32CubeIDE.app/Contents/Eclipse/plugins/com.st.stm32cube.common.mx_6.1.0.202011121557
2020-12-18 15:16:01,961 [INFO] PluginManage:178 - Search for loadable plugins [exclusion list=, ]
2020-12-18 15:16:01,962 [INFO] PluginManage:292 - Check plugin analytics
2020-12-18 15:16:02,125 [INFO] AnalyticsPlugin:225 - Accepted Software Licenses: 
2020-12-18 15:16:02,126 [INFO] AnalyticsPlugin:227 - Accepted CMSIS Pack Licenses: 
2020-12-18 15:16:02,126 [INFO] AnalyticsPlugin:229 - Accepted Firmware Licenses: 
2020-12-18 15:16:02,126 [INFO] PluginManage:342 - Loaded plugin analytics (category:tool,tabindex:-1)
2020-12-18 15:16:02,126 [INFO] PluginManage:292 - Check plugin clock
2020-12-18 15:16:02,139 [INFO] PluginManage:342 - Loaded plugin clock (category:base,tabindex:2)
2020-12-18 15:16:02,140 [INFO] PluginManage:292 - Check plugin ddr
2020-12-18 15:16:02,142 [INFO] PluginManage:342 - Loaded plugin ddr (category:tool,tabindex:6)
2020-12-18 15:16:02,142 [INFO] PluginManage:292 - Check plugin filemanager
2020-12-18 15:16:02,260 [INFO] PluginManage:342 - Loaded plugin filemanager (category:base,tabindex:10)
2020-12-18 15:16:02,260 [INFO] PluginManage:292 - Check plugin ipmanager
2020-12-18 15:16:02,267 [INFO] PluginManage:342 - Loaded plugin ipmanager (category:base,tabindex:5)
2020-12-18 15:16:02,268 [INFO] PluginManage:292 - Check plugin pinoutandconfiguration
2020-12-18 15:16:02,275 [INFO] PluginManage:342 - Loaded plugin pinoutandconfiguration (category:base,tabindex:1)
2020-12-18 15:16:02,275 [INFO] PluginManage:292 - Check plugin pinoutconfig
2020-12-18 15:16:02,298 [INFO] PluginManage:342 - Loaded plugin pinoutconfig (category:base,tabindex:0)
2020-12-18 15:16:02,298 [INFO] PluginManage:292 - Check plugin power
2020-12-18 15:16:02,306 [INFO] PluginManage:342 - Loaded plugin power (category:power,tabindex:4)
2020-12-18 15:16:02,307 [INFO] PluginManage:292 - Check plugin projectmanager
2020-12-18 15:16:02,323 [INFO] PluginManage:342 - Loaded plugin projectmanager (category:projectmanager,tabindex:3)
2020-12-18 15:16:02,323 [INFO] PluginManage:292 - Check plugin thirdparty
2020-12-18 15:16:02,423 [INFO] PluginManage:342 - Loaded plugin thirdparty (category:base,tabindex:-1)
2020-12-18 15:16:02,423 [INFO] PluginManage:292 - Check plugin tools
2020-12-18 15:16:02,423 [WARN] IntegrityCheckThread:59 - waiting for thirdparty lock release [integrity check]
2020-12-18 15:16:02,424 [INFO] IntegrityCheckThread:61 - entering critical section [integrity check]
2020-12-18 15:16:02,424 [INFO] ThirdPartyUpdaterWithRetryManager:56 - Updater plugin not ready yet. [1/15]
2020-12-18 15:16:02,426 [INFO] PluginManage:342 - Loaded plugin tools (category:base,tabindex:7)
2020-12-18 15:16:02,426 [INFO] PluginManage:292 - Check plugin tutovideos
2020-12-18 15:16:02,617 [INFO] PluginManage:342 - Loaded plugin tutovideos (category:base,tabindex:-1)
2020-12-18 15:16:02,618 [INFO] PluginManage:292 - Check plugin updater
2020-12-18 15:16:02,630 [INFO] PluginManage:342 - Loaded plugin updater (category:base,tabindex:12)
2020-12-18 15:16:02,631 [INFO] PluginManage:265 - PluginManage : Loaded plugins [13]
2020-12-18 15:16:04,226 [INFO] PinOutPanel:1434 - setPackage(No Configuration,No Configuration)
2020-12-18 15:16:04,295 [INFO] IPUIPlugin:64 - create IPUIPlugin
2020-12-18 15:16:04,296 [INFO] PluginManager:203 - loadIPPluginJar : add mdma
2020-12-18 15:16:04,337 [INFO] IPUIPlugin:64 - create IPUIPlugin
2020-12-18 15:16:04,338 [INFO] PluginManager:203 - loadIPPluginJar : add freertos
2020-12-18 15:16:04,346 [INFO] IPUIPlugin:64 - create IPUIPlugin
2020-12-18 15:16:04,347 [INFO] PluginManager:203 - loadIPPluginJar : add gic
2020-12-18 15:16:04,357 [INFO] IPUIPlugin:64 - create IPUIPlugin
2020-12-18 15:16:04,357 [INFO] PluginManager:203 - loadIPPluginJar : add adc
2020-12-18 15:16:04,360 [INFO] IPUIPlugin:64 - create IPUIPlugin
2020-12-18 15:16:04,360 [INFO] PluginManager:203 - loadIPPluginJar : add gtzc
2020-12-18 15:16:04,362 [INFO] IPUIPlugin:64 - create IPUIPlugin
2020-12-18 15:16:04,362 [INFO] PluginManager:203 - loadIPPluginJar : add quadspi
2020-12-18 15:16:04,364 [INFO] IPUIPlugin:64 - create IPUIPlugin
2020-12-18 15:16:04,365 [INFO] PluginManager:203 - loadIPPluginJar : add aes
2020-12-18 15:16:04,368 [INFO] IPUIPlugin:64 - create IPUIPlugin
2020-12-18 15:16:04,368 [INFO] PluginManager:203 - loadIPPluginJar : add pdm2pcm
2020-12-18 15:16:04,370 [INFO] IPUIPlugin:64 - create IPUIPlugin
2020-12-18 15:16:04,371 [INFO] PluginManager:203 - loadIPPluginJar : add hash
2020-12-18 15:16:04,372 [INFO] IPUIPlugin:64 - create IPUIPlugin
2020-12-18 15:16:04,372 [INFO] PluginManager:203 - loadIPPluginJar : add tim
2020-12-18 15:16:04,374 [INFO] IPUIPlugin:64 - create IPUIPlugin
2020-12-18 15:16:04,375 [INFO] PluginManager:203 - loadIPPluginJar : add tsc
2020-12-18 15:16:04,377 [INFO] IPUIPlugin:64 - create IPUIPlugin
2020-12-18 15:16:04,377 [INFO] PluginManager:203 - loadIPPluginJar : add ts
2020-12-18 15:16:04,381 [INFO] IPUIPlugin:64 - create IPUIPlugin
2020-12-18 15:16:04,382 [INFO] PluginManager:203 - loadIPPluginJar : add can
2020-12-18 15:16:04,384 [INFO] IPUIPlugin:64 - create IPUIPlugin
2020-12-18 15:16:04,385 [INFO] PluginManager:203 - loadIPPluginJar : add dfsdm
2020-12-18 15:16:04,387 [INFO] IPUIPlugin:64 - create IPUIPlugin
2020-12-18 15:16:04,388 [INFO] PluginManager:203 - loadIPPluginJar : add spi
2020-12-18 15:16:04,390 [INFO] IPUIPlugin:64 - create IPUIPlugin
2020-12-18 15:16:04,391 [INFO] PluginManager:203 - loadIPPluginJar : add gfxmmu
2020-12-18 15:16:04,392 [INFO] IPUIPlugin:64 - create IPUIPlugin
2020-12-18 15:16:04,393 [INFO] PluginManager:203 - loadIPPluginJar : add genericplugin
2020-12-18 15:16:04,395 [INFO] IPUIPlugin:64 - create IPUIPlugin
2020-12-18 15:16:04,395 [INFO] PluginManager:203 - loadIPPluginJar : add cryp
2020-12-18 15:16:04,399 [INFO] IPUIPlugin:64 - create IPUIPlugin
2020-12-18 15:16:04,400 [INFO] PluginManager:203 - loadIPPluginJar : add gpio
2020-12-18 15:16:04,402 [INFO] IPUIPlugin:64 - create IPUIPlugin
2020-12-18 15:16:04,402 [INFO] PluginManager:203 - loadIPPluginJar : add comp
2020-12-18 15:16:04,404 [INFO] IPUIPlugin:64 - create IPUIPlugin
2020-12-18 15:16:04,404 [INFO] PluginManager:203 - loadIPPluginJar : add tracer_emb
2020-12-18 15:16:04,408 [INFO] IPUIPlugin:64 - create IPUIPlugin
2020-12-18 15:16:04,408 [INFO] PluginManager:203 - loadIPPluginJar : add openamp
2020-12-18 15:16:04,412 [INFO] IPUIPlugin:64 - create IPUIPlugin
2020-12-18 15:16:04,412 [INFO] PluginManager:203 - loadIPPluginJar : add stm32_wpan
2020-12-18 15:16:04,419 [INFO] IPUIPlugin:64 - create IPUIPlugin
2020-12-18 15:16:04,422 [INFO] PluginManager:203 - loadIPPluginJar : add plateformsettings
2020-12-18 15:16:04,425 [INFO] IPUIPlugin:64 - create IPUIPlugin
2020-12-18 15:16:04,426 [INFO] PluginManager:203 - loadIPPluginJar : add ipddr
2020-12-18 15:16:04,428 [INFO] IPUIPlugin:64 - create IPUIPlugin
2020-12-18 15:16:04,428 [INFO] PluginManager:203 - loadIPPluginJar : add usart
2020-12-18 15:16:04,430 [INFO] IPUIPlugin:64 - create IPUIPlugin
2020-12-18 15:16:04,430 [INFO] PluginManager:203 - loadIPPluginJar : add ltdc
2020-12-18 15:16:04,437 [INFO] IPUIPlugin:64 - create IPUIPlugin
2020-12-18 15:16:04,437 [INFO] PluginManager:203 - loadIPPluginJar : add nvic
2020-12-18 15:16:04,440 [INFO] IPUIPlugin:64 - create IPUIPlugin
2020-12-18 15:16:04,440 [INFO] PluginManager:203 - loadIPPluginJar : add fatfs
2020-12-18 15:16:04,445 [INFO] IPUIPlugin:64 - create IPUIPlugin
2020-12-18 15:16:04,446 [INFO] PluginManager:203 - loadIPPluginJar : add dma
2020-12-18 15:16:04,450 [INFO] IPUIPlugin:64 - create IPUIPlugin
2020-12-18 15:16:04,450 [INFO] PluginManager:203 - loadIPPluginJar : add fmc
2020-12-18 15:16:04,452 [INFO] IPUIPlugin:64 - create IPUIPlugin
2020-12-18 15:16:04,453 [INFO] PluginManager:203 - loadIPPluginJar : add i2s
2020-12-18 15:16:04,455 [INFO] IPUIPlugin:64 - create IPUIPlugin
2020-12-18 15:16:04,455 [INFO] PluginManager:203 - loadIPPluginJar : add ucpd
2020-12-18 15:16:04,458 [INFO] IPUIPlugin:64 - create IPUIPlugin
2020-12-18 15:16:04,458 [INFO] PluginManager:203 - loadIPPluginJar : add lorawan
2020-12-18 15:16:04,460 [INFO] IPUIPlugin:64 - create IPUIPlugin
2020-12-18 15:16:04,461 [INFO] PluginManager:203 - loadIPPluginJar : add opamp
2020-12-18 15:16:04,463 [INFO] IPUIPlugin:64 - create IPUIPlugin
2020-12-18 15:16:04,464 [INFO] PluginManager:203 - loadIPPluginJar : add touchsensing
2020-12-18 15:16:04,466 [INFO] IPUIPlugin:64 - create IPUIPlugin
2020-12-18 15:16:04,467 [INFO] PluginManager:203 - loadIPPluginJar : add i2c
2020-12-18 15:16:04,470 [INFO] IPUIPlugin:64 - create IPUIPlugin
2020-12-18 15:16:04,470 [INFO] PluginManager:203 - loadIPPluginJar : add resmgrutility
2020-12-18 15:16:04,473 [INFO] IPUIPlugin:64 - create IPUIPlugin
2020-12-18 15:16:04,473 [INFO] PluginManager:203 - loadIPPluginJar : add sai
2020-12-18 15:16:04,698 [FATAL] Updater:284 - Updater called before beeing initialized
2020-12-18 15:16:04,781 [FATAL] Updater:284 - Updater called before beeing initialized
2020-12-18 15:16:04,879 [WARN] DetailPanel:347 - Failed to get advertising image, set to default
2020-12-18 15:16:04,884 [FATAL] Updater:284 - Updater called before beeing initialized
2020-12-18 15:16:04,884 [WARN] DetailPanel:347 - Failed to get advertising image, set to default
2020-12-18 15:16:04,920 [FATAL] Updater:284 - Updater called before beeing initialized
2020-12-18 15:16:04,921 [WARN] ThirdParty:783 - waiting for thirdparty lock release [close project]
2020-12-18 15:16:05,427 [INFO] ThirdPartyUpdaterWithRetryManager:56 - Updater plugin not ready yet. [2/15]
2020-12-18 15:16:08,428 [FATAL] Updater:284 - Updater called before beeing initialized
2020-12-18 15:16:08,428 [ERROR] AbstractThirdPartyUpdaterManager:153 - java.lang.Integer cannot be cast to java.util.List
2020-12-18 15:16:08,428 [INFO] ThirdParty:887 - Integrity check success = false
2020-12-18 15:16:08,429 [INFO] IntegrityCheckThread:75 - exiting critical section [integrity check]
2020-12-18 15:16:08,429 [INFO] IntegrityCheckThread:78 - End integrity checks thread
2020-12-18 15:16:08,429 [INFO] ThirdParty:785 - entering critical section [close project]
2020-12-18 15:16:08,431 [INFO] ThirdParty:796 - exiting critical section [close project]
2020-12-18 15:16:08,448 [INFO] PinOutPanel:1434 - setPackage(No Configuration,No Configuration)
2020-12-18 15:16:08,449 [FATAL] Updater:284 - Updater called before beeing initialized
2020-12-18 15:16:08,455 [ERROR] Updater:1065 - MainUpdater not yet initialized. External WinMGr cannot be set.
2020-12-18 15:16:08,472 [INFO] Updater:1002 - Updater Version found : 6.1.0
2020-12-18 15:16:08,489 [INFO] ApplicationProperties:181 - Using Application install path: /Applications/STM32CubeIDE.app/Contents/Eclipse/plugins/com.st.stm32cube.common.mx_6.1.0.202011121557
2020-12-18 15:16:08,646 [INFO] MainUpdater:2644 - connection check result : 10
2020-12-18 15:16:08,647 [INFO] MainUpdater:249 - Updater Check For Update Now.
2020-12-18 15:16:08,648 [INFO] MicroXplorer:415 - Change Database Version : DB.6.0.10
2020-12-18 15:16:08,693 [INFO] CheckServerUpdateThread:102 - End of CheckServer Thread
2020-12-18 15:16:08,754 [INFO] MainUpdater:2644 - connection check result : 10
2020-12-18 15:16:09,263 [INFO] CrossSelectorPresenter:1330 - Cross Selector saved comparison directory: /Users/andreykorchagin/.stmcufinder/plugins/mcufinder/mcu/cs_comparisons_mx
2020-12-18 15:16:09,268 [INFO] MultiScanPanel:198 - Auto-refresh data requested => check proxy status ongoing
2020-12-18 15:16:09,271 [INFO] FinderPluginLoader:87 - Searching for filters in installed packs
2020-12-18 15:16:09,272 [INFO] DbMcusXml:97 - Load MCU database from /Applications/STM32CubeIDE.app/Contents/Eclipse/plugins/com.st.stm32cube.common.mx_6.1.0.202011121557//db//mcu/families.xml
2020-12-18 15:16:10,063 [INFO] DbMcusJson:92 - JSON generation date=Thu Nov 05 19:05:07 MSK 2020 (1604592307)
2020-12-18 15:16:10,895 [INFO] DbMcus:176 - Found 1835 MCUs (1796 are supported by CubeMX, 1796 are visible in CubeMX)
2020-12-18 15:16:10,896 [INFO] ApiDb:238 - Load user favorites file /Users/andreykorchagin/.stm32cubeide/favorites.mcus.txt: 2 item(s)
2020-12-18 15:16:10,896 [INFO] ApiDb:242 - User favorites MCUs=[STM32F100RBTx, STM32F407VGTx]
2020-12-18 15:16:10,897 [INFO] DbMcus:188 - Set 2 / 2 favorites MCUs
2020-12-18 15:16:11,536 [WARN] DetailPanel:347 - Failed to get advertising image, set to default
2020-12-18 15:16:12,048 [INFO] McuFilterPanel:245 - Update 2 favorites MCUs
2020-12-18 15:16:12,178 [INFO] DbBoardsPdsc:91 - Found 9 items
2020-12-18 15:16:12,181 [INFO] DbBoardsPdsc:91 - Found 4 items
2020-12-18 15:16:12,184 [INFO] DbBoardsPdsc:91 - Found 2 items
2020-12-18 15:16:12,192 [INFO] DbBoardsPdsc:91 - Found 45 items
2020-12-18 15:16:12,196 [INFO] DbBoardsPdsc:91 - Found 24 items
2020-12-18 15:16:12,198 [INFO] DbBoardsPdsc:91 - Found 1 items
2020-12-18 15:16:12,205 [INFO] DbBoardsPdsc:91 - Found 41 items
2020-12-18 15:16:12,210 [INFO] DbBoardsPdsc:91 - Found 32 items
2020-12-18 15:16:12,218 [WARN] DbBoardsPdsc:255 - Board STM32H7B3I-DK: unknown feature type=Audio, name=, username=Audio stereo codec with Headphone Amp (CS42L51-CNZ), n=1
2020-12-18 15:16:12,218 [WARN] DbBoardsPdsc:255 - Board STM32H735G-DK: unknown feature type=Audio, name=, username=Audio stereo codec with Headphone Amp (WM8994ECS/R), n=1
2020-12-18 15:16:12,223 [WARN] DbBoardsPdsc:255 - Board STM32H7B3I-EVAL: unknown feature type=Audio, name=, username=Multi-Channel Audio Codec (CS42L51-CNZ), n=1
2020-12-18 15:16:12,224 [WARN] DbBoardsPdsc:255 - Board STM32H7B3I-EVAL: unknown feature type=Meter, name=, username=Power-metering and Temperature-monitoring with sigma-delta modulators, n=1
2020-12-18 15:16:12,224 [WARN] DbBoardsPdsc:255 - Board STM32H7B3I-EVAL: unknown feature type=Motor, name=, username=Motor Control, n=1
2020-12-18 15:16:12,286 [INFO] DbBoardsJson:85 - JSON generation date=Thu Nov 05 17:55:26 MSK 2020 (1604588126)
2020-12-18 15:16:12,295 [INFO] DbBoards:118 - Found 158 boards (155 are supported by CubeMX)
2020-12-18 15:16:12,312 [INFO] DbBoardsDocs:145 - JSON generation date=Thu Nov 05 19:05:07 MSK 2020 (1604592307)
2020-12-18 15:16:12,346 [INFO] DbBoardsDocs:81 - Found 190 boards documents
2020-12-18 15:16:12,347 [WARN] DbBoards:128 - board B-L462E-CELL1 has no document id list !
2020-12-18 15:16:12,347 [WARN] DbBoards:128 - board B-L475E-IOT01A2 has no document id list !
2020-12-18 15:16:12,349 [WARN] DbBoards:128 - board NUCLEO-G0B1RE has no document id list !
2020-12-18 15:16:12,349 [WARN] DbBoards:128 - board NUCLEO-G491RE has no document id list !
2020-12-18 15:16:12,349 [WARN] DbBoards:128 - board NUCLEO-H743ZI2 has no document id list !
2020-12-18 15:16:12,351 [WARN] DbBoards:128 - board NUCLEO-L4A6ZG has no document id list !
2020-12-18 15:16:12,351 [WARN] DbBoards:128 - board NUCLEO-WB55RG has no document id list !
2020-12-18 15:16:12,351 [WARN] DbBoards:128 - board NUCLEO-WL55JC1 has no document id list !
2020-12-18 15:16:12,352 [WARN] DbBoards:128 - board NUCLEO-WL55JC2 has no document id list !
2020-12-18 15:16:12,352 [WARN] DbBoards:128 - board P-NUCLEO-WB55-Nucleo has no document id list !
2020-12-18 15:16:12,352 [WARN] DbBoards:128 - board P-NUCLEO-WB55-USBDongle has no document id list !
2020-12-18 15:16:12,352 [WARN] DbBoards:128 - board STEVAL-BFA001V1B has no document id list !
2020-12-18 15:16:12,352 [WARN] DbBoards:128 - board STEVAL-BFA001V2B has no document id list !
2020-12-18 15:16:12,353 [WARN] DbBoards:128 - board STEVAL-IDP005V1 has no document id list !
2020-12-18 15:16:12,353 [WARN] DbBoards:128 - board STEVAL-IDP005V2 has no document id list !
2020-12-18 15:16:12,353 [WARN] DbBoards:128 - board STEVAL-MKSBOX1V1 has no document id list !
2020-12-18 15:16:12,353 [WARN] DbBoards:128 - board STEVAL-STWINKT1 has no document id list !
2020-12-18 15:16:12,354 [WARN] DbBoards:128 - board STM32F401C-DISCO has no document id list !
2020-12-18 15:16:12,355 [WARN] DbBoards:128 - board STM32F769I-DISC1 has no document id list !
2020-12-18 15:16:12,355 [WARN] DbBoards:128 - board STM32G0C1E-EV has no document id list !
2020-12-18 15:16:12,356 [WARN] DbBoards:128 - board STM32G474E-EVAL1 has no document id list !
2020-12-18 15:16:12,356 [WARN] DbBoards:128 - board STM32H743I-EVAL2 has no document id list !
2020-12-18 15:16:12,356 [WARN] DbBoards:128 - board STM32H747I-DISC1 has no document id list !
2020-12-18 15:16:12,357 [WARN] DbBoards:128 - board STM32H753I-EVAL2 has no document id list !
2020-12-18 15:16:12,357 [WARN] DbBoards:128 - board STM32L-DISCOVERY has no document id list !
2020-12-18 15:16:12,358 [WARN] DbBoards:128 - board STM32MP157A-DK1 has no document id list !
2020-12-18 15:16:12,359 [WARN] DbBoards:128 - board STM32MP157F-DK2 has no document id list !
2020-12-18 15:16:12,359 [WARN] DbBoards:128 - board STM32MP157F-EV1 has no document id list !
2020-12-18 15:16:14,567 [INFO] ApiDb:229 - User favorites file not found: /Users/andreykorchagin/.stm32cubeide/favorites.boards.txt
2020-12-18 15:16:14,568 [INFO] DbBoards:207 - Set 0 / 0 favorites Boards
2020-12-18 15:16:21,723 [INFO] DbMcusDocs:145 - JSON generation date=Thu Nov 05 19:05:07 MSK 2020 (1604592307)
2020-12-18 15:16:21,849 [INFO] DbMcusDocs:81 - Found 601 MCUs documents
2020-12-18 15:17:00,121 [INFO] ApiDb:263 - Save user favorites file /Users/andreykorchagin/.stm32cubeide/favorites.mcus.txt: 2 item(s)
2020-12-18 15:17:00,121 [INFO] ApiDb:267 - User favorites MCUs=[STM32F100RBTx, STM32F407VGTx]
